[debug] [2022-07-16T18:58:40.706Z] ----------------------------------------------------------------------
[debug] [2022-07-16T18:58:40.712Z] Command:       C:\Program Files\nodejs\node.exe C:\Users\Admin\AppData\Roaming\npm\node_modules\firebase-tools\lib\bin\firebase.js emulators:start
[debug] [2022-07-16T18:58:40.713Z] CLI Version:   11.2.0
[debug] [2022-07-16T18:58:40.713Z] Platform:      win32
[debug] [2022-07-16T18:58:40.714Z] Node Version:  v16.14.0
[debug] [2022-07-16T18:58:40.715Z] Time:          Sun Jul 17 2022 00:28:40 GMT+0530 (India Standard Time)
[debug] [2022-07-16T18:58:40.716Z] ----------------------------------------------------------------------
[debug] 
[debug] [2022-07-16T18:58:41.095Z] > command requires scopes: ["email","openid","https://www.googleapis.com/auth/cloudplatformprojects.readonly","https://www.googleapis.com/auth/firebase","https://www.googleapis.com/auth/cloud-platform"]
[debug] [2022-07-16T18:58:41.097Z] > authorizing via signed-in user (rajpootyuvraj02@gmail.com)
[info] i  emulators: Starting emulators: functions, hosting {"metadata":{"emulator":{"name":"hub"},"message":"Starting emulators: functions, hosting"}}
[debug] [2022-07-16T18:58:41.432Z] [hub] writing locator at C:\Users\Admin\AppData\Local\Temp\hub-clone-5c2cc.json
[warn] !  functions: The following emulators are not running, calls to these services from the Functions emulator will affect production: auth, firestore, database, pubsub, storage {"metadata":{"emulator":{"name":"functions"},"message":"The following emulators are not running, calls to these services from the Functions emulator will affect production: \u001b[1mauth, firestore, database, pubsub, storage\u001b[22m"}}
[info] +  functions: Using node@16 from host. {"metadata":{"emulator":{"name":"functions"},"message":"Using node@16 from host."}}
[debug] [2022-07-16T18:58:41.578Z] defaultcredentials: writing to file C:\Users\Admin\AppData\Roaming\firebase\rajpootyuvraj02_gmail_com_application_default_credentials.json
[debug] [2022-07-16T18:58:41.593Z] Setting GAC to C:\Users\Admin\AppData\Roaming\firebase\rajpootyuvraj02_gmail_com_application_default_credentials.json {"metadata":{"emulator":{"name":"functions"},"message":"Setting GAC to C:\\Users\\Admin\\AppData\\Roaming\\firebase\\rajpootyuvraj02_gmail_com_application_default_credentials.json"}}
[debug] [2022-07-16T18:58:41.597Z] > refreshing access token with scopes: []
[debug] [2022-07-16T18:58:41.603Z] >>> [apiv2][query] POST https://www.googleapis.com/oauth2/v3/token [none]
[debug] [2022-07-16T18:58:41.604Z] >>> [apiv2][body] POST https://www.googleapis.com/oauth2/v3/token [omitted]
[debug] [2022-07-16T18:58:41.824Z] <<< [apiv2][status] POST https://www.googleapis.com/oauth2/v3/token 200
[debug] [2022-07-16T18:58:41.824Z] <<< [apiv2][body] POST https://www.googleapis.com/oauth2/v3/token [omitted]
[debug] [2022-07-16T18:58:41.845Z] >>> [apiv2][query] GET https://firebase.googleapis.com/v1beta1/projects/clone-5c2cc/adminSdkConfig [none]
[debug] [2022-07-16T18:58:42.293Z] <<< [apiv2][status] GET https://firebase.googleapis.com/v1beta1/projects/clone-5c2cc/adminSdkConfig 200
[debug] [2022-07-16T18:58:42.293Z] <<< [apiv2][body] GET https://firebase.googleapis.com/v1beta1/projects/clone-5c2cc/adminSdkConfig {"projectId":"clone-5c2cc","storageBucket":"clone-5c2cc.appspot.com","locationId":"us-central"}
[debug] [2022-07-16T18:58:42.325Z] >>> [apiv2][query] GET https://firebasehosting.googleapis.com/v1beta1/projects/clone-5c2cc/sites 
[debug] [2022-07-16T18:58:44.286Z] <<< [apiv2][status] GET https://firebasehosting.googleapis.com/v1beta1/projects/clone-5c2cc/sites 200
[debug] [2022-07-16T18:58:44.286Z] <<< [apiv2][body] GET https://firebasehosting.googleapis.com/v1beta1/projects/clone-5c2cc/sites {"sites":[{"name":"projects/clone-5c2cc/sites/clone-5c2cc","defaultUrl":"https://clone-5c2cc.web.app","appId":"1:189462205087:web:31346de511a007bb0448aa","type":"DEFAULT_SITE"}]}
[debug] [2022-07-16T18:58:44.287Z] >>> [apiv2][query] GET https://firebase.googleapis.com/v1beta1/projects/clone-5c2cc/webApps/1:189462205087:web:31346de511a007bb0448aa/config [none]
[debug] [2022-07-16T18:58:45.780Z] <<< [apiv2][status] GET https://firebase.googleapis.com/v1beta1/projects/clone-5c2cc/webApps/1:189462205087:web:31346de511a007bb0448aa/config 200
[debug] [2022-07-16T18:58:45.780Z] <<< [apiv2][body] GET https://firebase.googleapis.com/v1beta1/projects/clone-5c2cc/webApps/1:189462205087:web:31346de511a007bb0448aa/config {"projectId":"clone-5c2cc","appId":"1:189462205087:web:31346de511a007bb0448aa","storageBucket":"clone-5c2cc.appspot.com","locationId":"us-central","apiKey":"AIzaSyB5nTefN5VKh4cmHGc4DZXUPwwDw5NyQ2g","authDomain":"clone-5c2cc.firebaseapp.com","messagingSenderId":"189462205087","measurementId":"G-Y01PEKD0C4"}
[info] i  hosting: Serving hosting files from: build {"metadata":{"emulator":{"name":"hosting"},"message":"Serving hosting files from: \u001b[1mbuild\u001b[22m"}}
[info] +  hosting: Local server: http://localhost:5000 {"metadata":{"emulator":{"name":"hosting"},"message":"Local server: \u001b[4m\u001b[1mhttp://localhost:5000\u001b[22m\u001b[24m"}}
[debug] [2022-07-16T18:58:45.840Z] Ignoring unsupported arg: auto_download {"metadata":{"emulator":{"name":"ui"},"message":"Ignoring unsupported arg: auto_download"}}
[debug] [2022-07-16T18:58:45.841Z] Ignoring unsupported arg: port {"metadata":{"emulator":{"name":"ui"},"message":"Ignoring unsupported arg: port"}}
[debug] [2022-07-16T18:58:45.841Z] Starting Emulator UI with command {"binary":"node","args":["--dns-result-order=ipv4first","C:\\Users\\Admin\\.cache\\firebase\\emulators\\ui-v1.7.0\\server.bundle.js"],"optionalArgs":[],"joinArgs":false} {"metadata":{"emulator":{"name":"ui"},"message":"Starting Emulator UI with command {\"binary\":\"node\",\"args\":[\"--dns-result-order=ipv4first\",\"C:\\\\Users\\\\Admin\\\\.cache\\\\firebase\\\\emulators\\\\ui-v1.7.0\\\\server.bundle.js\"],\"optionalArgs\":[],\"joinArgs\":false}"}}
[info] i  ui: Emulator UI logging to ui-debug.log {"metadata":{"emulator":{"name":"ui"},"message":"Emulator UI logging to \u001b[1mui-debug.log\u001b[22m"}}
[debug] [2022-07-16T18:58:46.292Z] Web / API server started at localhost:4000
 {"metadata":{"emulator":{"name":"ui"},"message":"Web / API server started at localhost:4000\n"}}
[info] i  functions: Watching "C:\Users\Admin\Documents\fronted lectures\React\amazon-clone\Amazon-Clone\functions" for Cloud Functions... {"metadata":{"emulator":{"name":"functions"},"message":"Watching \"C:\\Users\\Admin\\Documents\\fronted lectures\\React\\amazon-clone\\Amazon-Clone\\functions\" for Cloud Functions..."}}
[debug] [2022-07-16T18:58:46.385Z] Validating nodejs source
[debug] [2022-07-16T18:58:54.790Z] > [functions] package.json contents: {
  "name": "functions",
  "description": "Cloud Functions for Firebase",
  "scripts": {
    "lint": "eslint .",
    "serve": "firebase emulators:start --only functions",
    "shell": "firebase functions:shell",
    "start": "npm run shell",
    "deploy": "firebase deploy --only functions",
    "logs": "firebase functions:log"
  },
  "engines": {
    "node": "16"
  },
  "main": "index.js",
  "dependencies": {
    "cors": "^2.8.5",
    "express": "^4.18.1",
    "firebase-admin": "^10.0.2",
    "firebase-functions": "^3.18.0",
    "stripe": "^9.11.0"
  },
  "devDependencies": {
    "eslint": "^8.9.0",
    "eslint-config-google": "^0.14.0",
    "firebase-functions-test": "^0.2.0"
  },
  "private": true
}
[debug] [2022-07-16T18:58:54.791Z] Building nodejs source
[debug] [2022-07-16T18:58:54.791Z] Analyzing nodejs backend spec
[debug] [2022-07-16T18:58:54.795Z] Could not find functions.yaml. Must use http discovery
[debug] [2022-07-16T18:58:55.617Z] Serving at port 9005

[debug] [2022-07-16T18:58:56.302Z] Got response from /__/functions.yaml {"endpoints":{"api":{"platform":"gcfv1","httpsTrigger":{},"entryPoint":"api"}},"specVersion":"v1alpha1","requiredAPIs":[]}
[debug] [2022-07-16T18:58:56.336Z] shutdown requested via /__/quitquitquit

[info] +  functions[us-central1-api]: http function initialized (http://localhost:5001/clone-5c2cc/us-central1/api). {"metadata":{"emulator":{"name":"functions"},"message":"\u001b[1mhttp\u001b[22m function initialized (http://localhost:5001/clone-5c2cc/us-central1/api)."}}
[info] 
┌─────────────────────────────────────────────────────────────┐
│ ✔  All emulators ready! It is now safe to connect your app. │
│ i  View Emulator UI at http://localhost:4000                │
└─────────────────────────────────────────────────────────────┘

┌───────────┬────────────────┬─────────────────────────────────┐
│ Emulator  │ Host:Port      │ View in Emulator UI             │
├───────────┼────────────────┼─────────────────────────────────┤
│ Functions │ localhost:5001 │ http://localhost:4000/functions │
├───────────┼────────────────┼─────────────────────────────────┤
│ Hosting   │ localhost:5000 │ n/a                             │
└───────────┴────────────────┴─────────────────────────────────┘
  Emulator Hub running at localhost:4400
  Other reserved ports: 4500

Issues? Report them at https://github.com/firebase/firebase-tools/issues and attach the *-debug.log files.
 
[debug] [2022-07-16T20:17:11.582Z] Received signal SIGHUP 1
[info]  
[info] i  emulators: Received SIGHUP for the first time. Starting a clean shutdown. 
[info] i  emulators: Please wait for a clean shutdown or send the SIGHUP signal again to stop right now. 
[info] i  emulators: Shutting down emulators. {"metadata":{"emulator":{"name":"hub"},"message":"Shutting down emulators."}}
[info] i  ui: Stopping Emulator UI {"metadata":{"emulator":{"name":"ui"},"message":"Stopping Emulator UI"}}
[warn] !  Emulator UI has exited upon receiving signal: SIGINT 
[info] i  functions: Stopping Functions Emulator {"metadata":{"emulator":{"name":"functions"},"message":"Stopping Functions Emulator"}}
[info] i  hosting: Stopping Hosting Emulator {"metadata":{"emulator":{"name":"hosting"},"message":"Stopping Hosting Emulator"}}
[info] i  hub: Stopping emulator hub {"metadata":{"emulator":{"name":"hub"},"message":"Stopping emulator hub"}}
